  Accelerometer.cpp
  Altimeter.cpp
  Brake.cpp
  Camera.cpp
  Compass.cpp
  Connector.cpp
  Device.cpp
  Display.cpp
  DistanceSensor.cpp
  Emitter.cpp
  Field.cpp
  GPS.cpp
  Gyro.cpp
  InertialUnit.cpp
  Joystick.cpp
  Keyboard.cpp
  LED.cpp
  Lidar.cpp
  LightSensor.cpp
  Motion.cpp
  Compiling...
  Motor.cpp
  Mouse.cpp
  Node.cpp
  Pen.cpp
  PositionSensor.cpp
  Radar.cpp
  RangeFinder.cpp
  Receiver.cpp
  Robot.cpp
  Skin.cpp
  Speaker.cpp
  Supervisor.cpp
  TouchSensor.cpp
  bfs.cpp
  bot.cpp
  main.cpp
  tile.cpp
C:\Users\pl\Documents\Robotics\Webots\RCJ_RescueMazeSim_2023\game\controllers\sim23\code\tile.cpp(120,44): warning C4838: conversion from 'int' to 'unsigned int' requires a narrowing conversion
C:\Users\pl\Documents\Robotics\Webots\RCJ_RescueMazeSim_2023\game\controllers\sim23\code\tile.cpp(120,61): warning C4838: conversion from 'int' to 'unsigned int' requires a narrowing conversion
  victim.cpp
  Generating code
  Previous IPDB not found, fall back to full compilation.
C:\Users\pl\Documents\Robotics\Webots\RCJ_RescueMazeSim_2023\game\controllers\sim23\code\bot.cpp(83): warning C4715: 'Bot::getDirection': not all control paths return a value
  All 522 functions were compiled because no usable IPDB/IOBJ from previous compilation was found.
  Finished generating code
  sim23.vcxproj -> C:\Users\pl\Documents\Robotics\Webots\RCJ_RescueMazeSim_2023\game\controllers\sim23\sim23.exe
